Build started 2014-11-28 01:13:29.
     1>Project "C:\Users\Piotrek\Downloads\Gl_Template1\Gl_Template1\Gl_Template1\Gl_Template1\Gl_Template1.vcxproj" on node 2 (Build target(s)).
     1>ClCompile:
         C:\Program Files (x86)\Microsoft Visual Studio 12.0\VC\bin\CL.exe /c /ZI /nologo /W3 /WX- /Od /Oy- /D WIN32 /D _DEBUG /D _WINDOWS /D _VC80_UPGRADE=0x0600 /D _MBCS /Gm /EHsc /RTC1 /MTd /GS /Gy- /fp:precise /Zc:wchar_t /Zc:forScope /Fo".\Debug\\" /Fd".\Debug\vc120.pdb" /Gd /TC /analyze- /errorReport:prompt Gl_template.c
         Gl_template.c
     1>c:\users\piotrek\downloads\gl_template1\gl_template1\gl_template1\gl_template1\gl_template.c(197): warning C4996: 'fopen': This function or variable may be unsafe. Consider using fopen_s instead. To disable deprecation, use _CRT_SECURE_NO_WARNINGS. See online help for details.
                 c:\program files (x86)\microsoft visual studio 12.0\vc\include\stdio.h(211) : see declaration of 'fopen'
     1>c:\users\piotrek\downloads\gl_template1\gl_template1\gl_template1\gl_template1\gl_template.c(239): warning C4018: '<' : signed/unsigned mismatch
     1>c:\users\piotrek\downloads\gl_template1\gl_template1\gl_template1\gl_template1\gl_template.c(866): warning C4244: '=' : conversion from 'int' to 'GLfloat', possible loss of data
     1>c:\users\piotrek\downloads\gl_template1\gl_template1\gl_template1\gl_template1\gl_template.c(867): warning C4244: '=' : conversion from 'int' to 'GLfloat', possible loss of data
       ResourceCompile:
         C:\Program Files (x86)\Windows Kits\8.1\bin\x86\rc.exe /D _DEBUG /D _VC80_UPGRADE=0x0600 /l"0x0415" /nologo /fo".\Debug\RESOURCE.res" RESOURCE.RC 
       Link:
         C:\Program Files (x86)\Microsoft Visual Studio 12.0\VC\bin\link.exe /ERRORREPORT:PROMPT /OUT:".\Debug\Gl_Template1.exe" /INCREMENTAL /NOLOGO odbc32.lib odbccp32.lib opengl32.lib glu32.lib kernel32.lib user32.lib gdi32.lib winspool.lib comdlg32.lib advapi32.lib shell32.lib ole32.lib oleaut32.lib uuid.lib odbc32.lib odbccp32.lib /MANIFEST /MANIFESTUAC:"level='asInvoker' uiAccess='false'" /manifest:embed /DEBUG /PDB:".\Debug\Gl_Template1.pdb" /SUBSYSTEM:WINDOWS /TLBID:1 /DYNAMICBASE /NXCOMPAT /IMPLIB:".\Debug\Gl_Template1.lib" /MACHINE:X86 /SAFESEH .\Debug\RESOURCE.res
         .\Debug\Gl_template.obj
     1>LINK : warning LNK4076: invalid incremental status file '.\Debug\Gl_Template1.ilk' (which will be deleted); linking nonincrementally
     1>Gl_template.obj : warning LNK4075: ignoring '/EDITANDCONTINUE' due to '/OPT:LBR' specification
         Gl_Template1.vcxproj -> C:\Users\Piotrek\Downloads\Gl_Template1\Gl_Template1\Gl_Template1\Gl_Template1\.\Debug\Gl_Template1.exe
     1>Done Building Project "C:\Users\Piotrek\Downloads\Gl_Template1\Gl_Template1\Gl_Template1\Gl_Template1\Gl_Template1.vcxproj" (Build target(s)).

Build succeeded.

Time Elapsed 00:00:01.77
